Sunday 8th April 2018 07:45:30 PM [INFO] ::: [controller.pae.app.community.create.php]  query_invite_frnds: SELECT user_account.user_Id,user_account.username,user_account.surName,user_account.name,user_account.mobile,user_account.profile_pic,user_account.minlocation,user_account.location,user_account.state,user_account.country FROM user_frnds,user_account WHERE ((user_frnds.frnd1=user_account.user_Id and user_frnds.frnd2='USR924357814934') OR (user_frnds.frnd2=user_account.user_Id and user_frnds.frnd1='USR924357814934')) AND (surName LIKE '%a%' OR name LIKE '%a%') AND NOT user_account.user_Id=''  
Sunday 8th April 2018 07:45:31 PM [INFO] ::: [api.database.php]  Database connected Successfully 
Sunday 8th April 2018 07:45:36 PM [INFO] ::: [controller.pae.app.community.create.php]  query_invite_frnds: SELECT user_account.user_Id,user_account.username,user_account.surName,user_account.name,user_account.mobile,user_account.profile_pic,user_account.minlocation,user_account.location,user_account.state,user_account.country FROM user_frnds,user_account WHERE ((user_frnds.frnd1=user_account.user_Id and user_frnds.frnd2='USR924357814934') OR (user_frnds.frnd2=user_account.user_Id and user_frnds.frnd1='USR924357814934')) AND (surName LIKE '%a%' OR name LIKE '%a%') AND NOT user_account.user_Id='USR128879133554'  
Sunday 8th April 2018 07:45:37 PM [INFO] ::: [api.database.php]  Database connected Successfully 
Sunday 8th April 2018 07:45:43 PM [INFO] ::: [controller.pae.app.community.create.php]  query_invite_frnds: SELECT user_account.user_Id,user_account.username,user_account.surName,user_account.name,user_account.mobile,user_account.profile_pic,user_account.minlocation,user_account.location,user_account.state,user_account.country FROM user_frnds,user_account WHERE ((user_frnds.frnd1=user_account.user_Id and user_frnds.frnd2='USR924357814934') OR (user_frnds.frnd2=user_account.user_Id and user_frnds.frnd1='USR924357814934')) AND (surName LIKE '%a%' OR name LIKE '%a%') AND NOT user_account.user_Id='USR128879133554,USR715494757975'  
Sunday 8th April 2018 07:45:44 PM [INFO] ::: [api.database.php]  Database connected Successfully 
Sunday 8th April 2018 07:47:27 PM [INFO] ::: [controller.page.app.community.create.php]  query_invite_frnds: SELECT user_account.user_Id,user_account.username,user_account.surName,user_account.name,user_account.mobile,user_account.profile_pic,user_account.minlocation,user_account.location,user_account.state,user_account.country FROM user_frnds,user_account WHERE ((user_frnds.frnd1=user_account.user_Id and user_frnds.frnd2='USR924357814934') OR (user_frnds.frnd2=user_account.user_Id and user_frnds.frnd1='USR924357814934')) AND (surName LIKE '%a%' OR name LIKE '%a%') AND NOT user_account.user_Id=''  
Sunday 8th April 2018 07:47:28 PM [INFO] ::: [api.database.php]  Database connected Successfully 
Sunday 8th April 2018 07:47:32 PM [INFO] ::: [controller.page.app.community.create.php]  query_invite_frnds: SELECT user_account.user_Id,user_account.username,user_account.surName,user_account.name,user_account.mobile,user_account.profile_pic,user_account.minlocation,user_account.location,user_account.state,user_account.country FROM user_frnds,user_account WHERE ((user_frnds.frnd1=user_account.user_Id and user_frnds.frnd2='USR924357814934') OR (user_frnds.frnd2=user_account.user_Id and user_frnds.frnd1='USR924357814934')) AND (surName LIKE '%a%' OR name LIKE '%a%') AND NOT user_account.user_Id='USR128879133554'  
Sunday 8th April 2018 07:47:33 PM [INFO] ::: [api.database.php]  Database connected Successfully 
Sunday 8th April 2018 07:47:36 PM [INFO] ::: [controller.page.app.community.create.php]  query_invite_frnds: SELECT user_account.user_Id,user_account.username,user_account.surName,user_account.name,user_account.mobile,user_account.profile_pic,user_account.minlocation,user_account.location,user_account.state,user_account.country FROM user_frnds,user_account WHERE ((user_frnds.frnd1=user_account.user_Id and user_frnds.frnd2='USR924357814934') OR (user_frnds.frnd2=user_account.user_Id and user_frnds.frnd1='USR924357814934')) AND (surName LIKE '%a%' OR name LIKE '%a%') AND NOT user_account.user_Id='USR128879133554,USR715494757975'  
Sunday 8th April 2018 07:47:37 PM [INFO] ::: [api.database.php]  Database connected Successfully 
Sunday 8th April 2018 07:49:45 PM [INFO] ::: [controller.page.app.community.create.php]  query_invite_frnds: SELECT user_account.user_Id,user_account.username,user_account.surName,user_account.name,user_account.mobile,user_account.profile_pic,user_account.minlocation,user_account.location,user_account.state,user_account.country FROM user_frnds,user_account WHERE ((user_frnds.frnd1=user_account.user_Id and user_frnds.frnd2='USR924357814934') OR (user_frnds.frnd2=user_account.user_Id and user_frnds.frnd1='USR924357814934')) AND (surName LIKE '%a%' OR name LIKE '%a%') AND NOT user_account.user_Id=''  
Sunday 8th April 2018 07:49:46 PM [INFO] ::: [api.database.php]  Database connected Successfully 
Sunday 8th April 2018 07:49:49 PM [INFO] ::: [controller.page.app.community.create.php]  query_invite_frnds: SELECT user_account.user_Id,user_account.username,user_account.surName,user_account.name,user_account.mobile,user_account.profile_pic,user_account.minlocation,user_account.location,user_account.state,user_account.country FROM user_frnds,user_account WHERE ((user_frnds.frnd1=user_account.user_Id and user_frnds.frnd2='USR924357814934') OR (user_frnds.frnd2=user_account.user_Id and user_frnds.frnd1='USR924357814934')) AND (surName LIKE '%a%' OR name LIKE '%a%') AND NOT user_account.user_Id='USR128879133554'  
Sunday 8th April 2018 07:49:50 PM [INFO] ::: [api.database.php]  Database connected Successfully 
Sunday 8th April 2018 07:49:53 PM [INFO] ::: [controller.page.app.community.create.php]  query_invite_frnds: SELECT user_account.user_Id,user_account.username,user_account.surName,user_account.name,user_account.mobile,user_account.profile_pic,user_account.minlocation,user_account.location,user_account.state,user_account.country FROM user_frnds,user_account WHERE ((user_frnds.frnd1=user_account.user_Id and user_frnds.frnd2='USR924357814934') OR (user_frnds.frnd2=user_account.user_Id and user_frnds.frnd1='USR924357814934')) AND (surName LIKE '%a%' OR name LIKE '%a%') AND NOT user_account.user_Id='USR128879133554' AND NOT user_account.user_Id='USR715494757975'  
Sunday 8th April 2018 07:49:54 PM [INFO] ::: [api.database.php]  Database connected Successfully 
Sunday 8th April 2018 07:50:00 PM [INFO] ::: [controller.page.app.community.create.php]  query_invite_frnds: SELECT user_account.user_Id,user_account.username,user_account.surName,user_account.name,user_account.mobile,user_account.profile_pic,user_account.minlocation,user_account.location,user_account.state,user_account.country FROM user_frnds,user_account WHERE ((user_frnds.frnd1=user_account.user_Id and user_frnds.frnd2='USR924357814934') OR (user_frnds.frnd2=user_account.user_Id and user_frnds.frnd1='USR924357814934')) AND (surName LIKE '%a%' OR name LIKE '%a%') AND NOT user_account.user_Id='USR128879133554' AND NOT user_account.user_Id='USR715494757975' AND NOT user_account.user_Id='USR553425241674'  
Sunday 8th April 2018 07:50:01 PM [INFO] ::: [api.database.php]  Database connected Successfully 
Sunday 8th April 2018 08:17:43 PM [INFO] ::: [api.database.php]  Database connected Successfully 
Sunday 8th April 2018 08:17:45 PM [INFO] ::: [api.database.php]  Database connected Successfully 
Sunday 8th April 2018 08:17:46 PM [INFO] ::: [api.database.php]  Database connected Successfully 
Sunday 8th April 2018 08:17:47 PM [INFO] ::: [api.database.php]  Database connected Successfully 
Sunday 8th April 2018 08:18:08 PM [INFO] ::: [api.database.php]  Database connected Successfully 
Sunday 8th April 2018 08:18:09 PM [INFO] ::: [api.database.php]  Database connected Successfully 
Sunday 8th April 2018 08:18:10 PM [INFO] ::: [api.database.php]  Database connected Successfully 
Sunday 8th April 2018 08:18:11 PM [INFO] ::: [api.database.php]  Database connected Successfully 
Sunday 8th April 2018 08:53:53 PM [INFO] ::: [api.database.php]  Database connected Successfully 
Sunday 8th April 2018 08:53:54 PM [INFO] ::: [api.database.php]  Database connected Successfully 
Sunday 8th April 2018 08:56:15 PM [INFO] ::: [api.database.php]  Database connected Successfully 
Sunday 8th April 2018 08:56:16 PM [INFO] ::: [api.database.php]  Database connected Successfully 
Sunday 8th April 2018 08:56:37 PM [INFO] ::: [api.database.php]  Database connected Successfully 
Sunday 8th April 2018 08:56:38 PM [INFO] ::: [api.database.php]  Database connected Successfully 
Sunday 8th April 2018 08:56:47 PM [INFO] ::: [api.database.php]  Database connected Successfully 
Sunday 8th April 2018 08:56:48 PM [INFO] ::: [api.database.php]  Database connected Successfully 
Sunday 8th April 2018 08:59:00 PM [INFO] ::: [api.database.php]  Database connected Successfully 
Sunday 8th April 2018 08:59:01 PM [INFO] ::: [api.database.php]  Database connected Successfully 
Sunday 8th April 2018 09:00:11 PM [INFO] ::: [api.database.php]  Database connected Successfully 
Sunday 8th April 2018 09:00:12 PM [INFO] ::: [api.database.php]  Database connected Successfully 
Sunday 8th April 2018 09:01:59 PM [INFO] ::: [api.database.php]  Database connected Successfully 
Sunday 8th April 2018 09:02:00 PM [INFO] ::: [api.database.php]  Database connected Successfully 
Sunday 8th April 2018 09:03:13 PM [INFO] ::: [api.database.php]  Database connected Successfully 
Sunday 8th April 2018 09:03:14 PM [INFO] ::: [api.database.php]  Database connected Successfully 
Sunday 8th April 2018 09:03:37 PM [INFO] ::: [api.database.php]  Database connected Successfully 
Sunday 8th April 2018 09:03:38 PM [INFO] ::: [api.database.php]  Database connected Successfully 
Sunday 8th April 2018 09:05:02 PM [INFO] ::: [api.database.php]  Database connected Successfully 
Sunday 8th April 2018 09:05:03 PM [INFO] ::: [api.database.php]  Database connected Successfully 
Sunday 8th April 2018 09:06:29 PM [INFO] ::: [api.database.php]  Database connected Successfully 
Sunday 8th April 2018 09:06:30 PM [INFO] ::: [api.database.php]  Database connected Successfully 
Sunday 8th April 2018 09:12:51 PM [INFO] ::: [api.database.php]  Database connected Successfully 
Sunday 8th April 2018 09:12:52 PM [INFO] ::: [api.database.php]  Database connected Successfully 
Saturday 14th April 2018 11:27:00 AM [INFO] ::: [api.database.php]  Database connected Successfully 
Saturday 14th April 2018 11:27:03 AM [INFO] ::: [api.database.php]  Database connected Successfully 
Saturday 14th April 2018 11:27:15 AM [INFO] ::: [api.database.php]  Database connected Successfully 
Saturday 14th April 2018 11:27:15 AM [INFO] ::: [api.database.php]  Query(Status-Success) : UPDATE user_account SET  username='anups',  surName='Nellutla',  name='Anup Chakravarthi',  mcountrycode='+91',  mobile='9160869337',  mob_val='Y',  dob='2015-11-12',  gender='MALE',  profile_pic='http://192.168.1.4/mlh/android-web/images/avatar/2.jpg',  minlocation='Kuttanad',  location='Mavelikara',  state='Kerala',  country='India',  isAdmin='N',  user_tz='Asia/Kolkata',  acc_active='N' WHERE user_Id='USR924357814934'; 
Saturday 14th April 2018 11:27:17 AM [INFO] ::: [api.database.php]  Database connected Successfully 
Saturday 14th April 2018 11:27:22 AM [INFO] ::: [api.database.php]  Database connected Successfully 
Saturday 14th April 2018 11:27:23 AM [INFO] ::: [api.database.php]  Database connected Successfully 
Saturday 14th April 2018 11:27:25 AM [INFO] ::: [api.database.php]  Database connected Successfully 
Saturday 14th April 2018 11:43:33 AM [INFO] ::: [api.database.php]  Database connected Successfully 
Saturday 14th April 2018 11:43:34 AM [INFO] ::: [api.database.php]  Database connected Successfully 
Saturday 14th April 2018 11:43:35 AM [INFO] ::: [api.database.php]  Database connected Successfully 
Saturday 14th April 2018 11:43:37 AM [INFO] ::: [api.database.php]  Database connected Successfully 
Saturday 14th April 2018 11:43:38 AM [INFO] ::: [api.database.php]  Database connected Successfully 
Saturday 14th April 2018 11:43:39 AM [INFO] ::: [api.database.php]  Database connected Successfully 
Saturday 14th April 2018 11:44:26 AM [INFO] ::: [api.database.php]  Database connected Successfully 
Saturday 14th April 2018 11:44:27 AM [INFO] ::: [api.database.php]  Database connected Successfully 
Saturday 14th April 2018 11:44:28 AM [INFO] ::: [api.database.php]  Database connected Successfully 
Saturday 14th April 2018 11:44:29 AM [INFO] ::: [api.database.php]  Database connected Successfully 
Saturday 14th April 2018 11:44:30 AM [INFO] ::: [api.database.php]  Database connected Successfully 
Saturday 14th April 2018 11:44:31 AM [INFO] ::: [api.database.php]  Database connected Successfully 
Saturday 14th April 2018 11:45:09 AM [INFO] ::: [api.database.php]  Database connected Successfully 
Saturday 14th April 2018 11:45:10 AM [INFO] ::: [api.database.php]  Database connected Successfully 
Saturday 14th April 2018 11:45:11 AM [INFO] ::: [api.database.php]  Database connected Successfully 
Saturday 14th April 2018 11:45:12 AM [INFO] ::: [api.database.php]  Database connected Successfully 
Saturday 14th April 2018 11:45:13 AM [INFO] ::: [api.database.php]  Database connected Successfully 
Saturday 14th April 2018 11:45:14 AM [INFO] ::: [api.database.php]  Database connected Successfully 
Saturday 14th April 2018 11:54:11 AM [INFO] ::: [api.database.php]  Database connected Successfully 
Saturday 14th April 2018 11:54:14 AM [INFO] ::: [api.database.php]  Database connected Successfully 
Saturday 14th April 2018 11:54:21 AM [INFO] ::: [api.database.php]  Database connected Successfully 
Saturday 14th April 2018 11:54:21 AM [INFO] ::: [api.database.php]  Query(Status-Success) : UPDATE user_account SET  username='anups',  surName='Nellutla',  name='Anup Chakravarthi',  mcountrycode='+91',  mobile='9160869337',  mob_val='Y',  dob='2015-11-12',  gender='MALE',  profile_pic='http://192.168.1.4/mlh/android-web/images/avatar/2.jpg',  minlocation='Kuttanad',  location='Mavelikara',  state='Kerala',  country='India',  isAdmin='N',  user_tz='Asia/Kolkata',  acc_active='N' WHERE user_Id='USR924357814934'; 
Saturday 14th April 2018 11:54:23 AM [INFO] ::: [api.database.php]  Database connected Successfully 
Saturday 14th April 2018 11:54:26 AM [INFO] ::: [api.database.php]  Database connected Successfully 
Saturday 14th April 2018 11:54:28 AM [INFO] ::: [api.database.php]  Database connected Successfully 
Saturday 14th April 2018 11:54:29 AM [INFO] ::: [api.database.php]  Database connected Successfully 
Saturday 14th April 2018 11:54:30 AM [INFO] ::: [api.database.php]  Database connected Successfully 
Saturday 14th April 2018 11:54:31 AM [INFO] ::: [api.database.php]  Database connected Successfully 
Saturday 14th April 2018 11:54:32 AM [INFO] ::: [api.database.php]  Database connected Successfully 
Saturday 14th April 2018 11:54:33 AM [INFO] ::: [api.database.php]  Database connected Successfully 
Saturday 14th April 2018 11:55:32 AM [INFO] ::: [api.database.php]  Database connected Successfully 
Saturday 14th April 2018 11:55:33 AM [INFO] ::: [api.database.php]  Database connected Successfully 
Saturday 14th April 2018 11:55:34 AM [INFO] ::: [api.database.php]  Database connected Successfully 
Saturday 14th April 2018 11:55:35 AM [INFO] ::: [api.database.php]  Database connected Successfully 
Saturday 14th April 2018 11:55:36 AM [INFO] ::: [api.database.php]  Database connected Successfully 
Saturday 14th April 2018 11:55:37 AM [INFO] ::: [api.database.php]  Database connected Successfully 
Saturday 14th April 2018 09:05:48 PM [INFO] ::: [api.database.php]  Database connected Successfully 
Saturday 14th April 2018 09:05:49 PM [INFO] ::: [api.database.php]  Database connected Successfully 
Saturday 14th April 2018 09:05:50 PM [INFO] ::: [api.database.php]  Database connected Successfully 
Saturday 14th April 2018 09:05:51 PM [INFO] ::: [api.database.php]  Database connected Successfully 
Saturday 14th April 2018 09:05:52 PM [INFO] ::: [api.database.php]  Database connected Successfully 
Saturday 14th April 2018 09:05:53 PM [INFO] ::: [api.database.php]  Database connected Successfully 
Saturday 14th April 2018 09:06:10 PM [INFO] ::: [api.database.php]  Database connected Successfully 
Saturday 14th April 2018 09:10:28 PM [INFO] ::: [api.database.php]  Database connected Successfully 
Saturday 14th April 2018 09:10:29 PM [INFO] ::: [api.database.php]  Database connected Successfully 
Saturday 14th April 2018 09:10:30 PM [INFO] ::: [api.database.php]  Database connected Successfully 
Saturday 14th April 2018 09:10:30 PM [INFO] ::: [api.database.php]  Query(Status-Success) : INSERT INTO dash_info_user_votes(vote_Id,info_Id,user_Id,newsType,vote) VALUES ('DIVO49131845397','DUI1367419127383834463744','USR924357814934','UNION','DOWN'); 
Saturday 14th April 2018 09:10:34 PM [INFO] ::: [api.database.php]  Database connected Successfully 
Saturday 14th April 2018 09:10:35 PM [INFO] ::: [api.database.php]  Database connected Successfully 
Saturday 14th April 2018 09:10:36 PM [INFO] ::: [api.database.php]  Database connected Successfully 
Saturday 14th April 2018 09:10:36 PM [INFO] ::: [api.database.php]  Query(Status-Success) : UPDATE dash_info_user_votes SET vote='UP' WHERE vote_Id='DIVO49131845397'; 
Saturday 14th April 2018 09:10:40 PM [INFO] ::: [api.database.php]  Database connected Successfully 
Saturday 14th April 2018 09:10:41 PM [INFO] ::: [api.database.php]  Database connected Successfully 
Saturday 14th April 2018 09:10:42 PM [INFO] ::: [api.database.php]  Database connected Successfully 
Saturday 14th April 2018 09:10:43 PM [INFO] ::: [api.database.php]  Database connected Successfully 
Saturday 14th April 2018 09:10:44 PM [INFO] ::: [api.database.php]  Database connected Successfully 
Saturday 14th April 2018 09:10:45 PM [INFO] ::: [api.database.php]  Database connected Successfully 
Saturday 14th April 2018 09:10:53 PM [INFO] ::: [api.database.php]  Database connected Successfully 
Saturday 14th April 2018 09:10:54 PM [INFO] ::: [api.database.php]  Database connected Successfully 
Saturday 14th April 2018 09:10:55 PM [INFO] ::: [api.database.php]  Database connected Successfully 
Saturday 14th April 2018 09:10:55 PM [INFO] ::: [api.database.php]  Query(Status-Success) : INSERT INTO dash_info_user_votes(vote_Id,info_Id,user_Id,newsType,vote) VALUES ('DIVO51548729934','DUI8962198129647727944827','USR924357814934','UNION','DOWN'); 
Saturday 14th April 2018 09:10:56 PM [INFO] ::: [api.database.php]  Database connected Successfully 
Saturday 14th April 2018 09:10:57 PM [INFO] ::: [api.database.php]  Database connected Successfully 
Saturday 14th April 2018 09:10:58 PM [INFO] ::: [api.database.php]  Database connected Successfully 
Saturday 14th April 2018 09:10:58 PM [INFO] ::: [api.database.php]  Query(Status-Success) : INSERT INTO dash_info_user_votes(vote_Id,info_Id,user_Id,newsType,vote) VALUES ('DIVO57776654736','DUI9173695655975266683967','USR924357814934','UNION','UP'); 
Saturday 14th April 2018 09:11:01 PM [INFO] ::: [api.database.php]  Database connected Successfully 
Saturday 14th April 2018 09:11:02 PM [INFO] ::: [api.database.php]  Database connected Successfully 
Saturday 14th April 2018 09:11:03 PM [INFO] ::: [api.database.php]  Database connected Successfully 
Saturday 14th April 2018 09:11:04 PM [INFO] ::: [api.database.php]  Database connected Successfully 
Saturday 14th April 2018 09:11:05 PM [INFO] ::: [api.database.php]  Database connected Successfully 
Saturday 14th April 2018 09:11:06 PM [INFO] ::: [api.database.php]  Database connected Successfully 
Saturday 14th April 2018 09:15:37 PM [INFO] ::: [api.database.php]  Database connected Successfully 
Saturday 14th April 2018 09:15:38 PM [INFO] ::: [api.database.php]  Database connected Successfully 
Saturday 14th April 2018 09:15:39 PM [INFO] ::: [api.database.php]  Database connected Successfully 
Saturday 14th April 2018 09:15:40 PM [INFO] ::: [api.database.php]  Database connected Successfully 
Saturday 14th April 2018 09:15:41 PM [INFO] ::: [api.database.php]  Database connected Successfully 
Saturday 14th April 2018 09:15:42 PM [INFO] ::: [api.database.php]  Database connected Successfully 
Saturday 14th April 2018 09:15:54 PM [INFO] ::: [api.database.php]  Database connected Successfully 
Saturday 14th April 2018 09:15:55 PM [INFO] ::: [api.database.php]  Database connected Successfully 
Saturday 14th April 2018 09:15:55 PM [INFO] ::: [api.database.php]  Query(Status-Success) : INSERT INTO dash_info_user_fav(fav_Id, info_Id, user_Id, newsType) VALUES ('DIUF99438239125','DUI1367419127383834463744','USR924357814934','UNION') 
Saturday 14th April 2018 09:16:02 PM [INFO] ::: [api.database.php]  Database connected Successfully 
Saturday 14th April 2018 09:16:03 PM [INFO] ::: [api.database.php]  Database connected Successfully 
Saturday 14th April 2018 09:16:04 PM [INFO] ::: [api.database.php]  Database connected Successfully 
Saturday 14th April 2018 09:16:05 PM [INFO] ::: [api.database.php]  Database connected Successfully 
Saturday 14th April 2018 09:16:06 PM [INFO] ::: [api.database.php]  Database connected Successfully 
Saturday 14th April 2018 09:16:07 PM [INFO] ::: [api.database.php]  Database connected Successfully 
Saturday 14th April 2018 09:16:14 PM [INFO] ::: [api.database.php]  Database connected Successfully 
Saturday 14th April 2018 09:16:14 PM [INFO] ::: [api.database.php]  Query(Status-Success) : DELETE FROM dash_info_user_fav WHERE info_Id='DUI1367419127383834463744' AND user_Id='USR924357814934' AND newsType='UNION'; 
Saturday 14th April 2018 09:16:17 PM [INFO] ::: [api.database.php]  Database connected Successfully 
Saturday 14th April 2018 09:16:18 PM [INFO] ::: [api.database.php]  Database connected Successfully 
Saturday 14th April 2018 09:16:19 PM [INFO] ::: [api.database.php]  Database connected Successfully 
Saturday 14th April 2018 09:16:20 PM [INFO] ::: [api.database.php]  Database connected Successfully 
Saturday 14th April 2018 09:16:21 PM [INFO] ::: [api.database.php]  Database connected Successfully 
Saturday 14th April 2018 09:16:22 PM [INFO] ::: [api.database.php]  Database connected Successfully 
Saturday 14th April 2018 09:19:07 PM [INFO] ::: [api.database.php]  Database connected Successfully 
Saturday 14th April 2018 09:19:08 PM [INFO] ::: [api.database.php]  Database connected Successfully 
Saturday 14th April 2018 09:19:10 PM [INFO] ::: [api.database.php]  Database connected Successfully 
Saturday 14th April 2018 09:19:11 PM [INFO] ::: [api.database.php]  Database connected Successfully 
Saturday 14th April 2018 09:19:12 PM [INFO] ::: [api.database.php]  Database connected Successfully 
Saturday 14th April 2018 09:19:13 PM [INFO] ::: [api.database.php]  Database connected Successfully 
Saturday 14th April 2018 09:19:19 PM [INFO] ::: [api.database.php]  Database connected Successfully 
Saturday 14th April 2018 09:19:20 PM [INFO] ::: [api.database.php]  Database connected Successfully 
Saturday 14th April 2018 09:19:20 PM [INFO] ::: [api.database.php]  Query(Status-Success) : INSERT INTO dash_info_user_likes(like_Id, info_Id, user_Id, newsType) VALUES ('DIUL84253822285','DUI1367419127383834463744','USR924357814934','UNION'); 
Saturday 14th April 2018 09:19:23 PM [INFO] ::: [api.database.php]  Database connected Successfully 
Saturday 14th April 2018 09:19:24 PM [INFO] ::: [api.database.php]  Database connected Successfully 
Saturday 14th April 2018 09:19:25 PM [INFO] ::: [api.database.php]  Query(Status-Success) : INSERT INTO dash_info_user_likes(like_Id, info_Id, user_Id, newsType) VALUES ('DIUL17611693779','DUI8962198129647727944827','USR924357814934','UNION'); 
Saturday 14th April 2018 09:19:31 PM [INFO] ::: [api.database.php]  Database connected Successfully 
Saturday 14th April 2018 09:19:32 PM [INFO] ::: [api.database.php]  Database connected Successfully 
Saturday 14th April 2018 09:19:32 PM [INFO] ::: [api.database.php]  Query(Status-Success) : INSERT INTO dash_info_user_likes(like_Id, info_Id, user_Id, newsType) VALUES ('DIUL81732573294','DUI9173695655975266683967','USR924357814934','UNION'); 
Saturday 14th April 2018 09:19:55 PM [INFO] ::: [api.database.php]  Database connected Successfully 
Saturday 14th April 2018 09:19:56 PM [INFO] ::: [api.database.php]  Database connected Successfully 
Saturday 14th April 2018 09:19:57 PM [INFO] ::: [api.database.php]  Database connected Successfully 
Saturday 14th April 2018 09:19:58 PM [INFO] ::: [api.database.php]  Database connected Successfully 
Saturday 14th April 2018 09:19:59 PM [INFO] ::: [api.database.php]  Database connected Successfully 
Saturday 14th April 2018 09:20:00 PM [INFO] ::: [api.database.php]  Database connected Successfully 
Saturday 14th April 2018 09:22:05 PM [INFO] ::: [api.database.php]  Database connected Successfully 
Saturday 14th April 2018 09:22:06 PM [INFO] ::: [api.database.php]  Database connected Successfully 
Saturday 14th April 2018 09:22:07 PM [INFO] ::: [api.database.php]  Database connected Successfully 
Saturday 14th April 2018 09:22:08 PM [INFO] ::: [api.database.php]  Database connected Successfully 
Saturday 14th April 2018 09:22:09 PM [INFO] ::: [api.database.php]  Database connected Successfully 
Saturday 14th April 2018 09:22:10 PM [INFO] ::: [api.database.php]  Database connected Successfully 
Saturday 14th April 2018 09:22:23 PM [INFO] ::: [api.database.php]  Database connected Successfully 
Saturday 14th April 2018 09:22:24 PM [INFO] ::: [api.database.php]  Database connected Successfully 
Saturday 14th April 2018 09:22:25 PM [INFO] ::: [api.database.php]  Database connected Successfully 
Saturday 14th April 2018 09:22:26 PM [INFO] ::: [api.database.php]  Database connected Successfully 
Saturday 14th April 2018 09:22:27 PM [INFO] ::: [api.database.php]  Database connected Successfully 
Saturday 14th April 2018 09:22:28 PM [INFO] ::: [api.database.php]  Database connected Successfully 
Saturday 14th April 2018 09:23:59 PM [INFO] ::: [api.database.php]  Database connected Successfully 
Saturday 14th April 2018 09:24:00 PM [INFO] ::: [api.database.php]  Database connected Successfully 
Saturday 14th April 2018 09:24:00 PM [INFO] ::: [api.database.php]  Query(Status-Success) : INSERT INTO dash_info_user_likes(like_Id, info_Id, user_Id, newsType) VALUES ('DIUL16112768836','DUI8962198129647727944827','USR924357814934','UNION'); 
Saturday 14th April 2018 09:24:01 PM [INFO] ::: [api.database.php]  Database connected Successfully 
Saturday 14th April 2018 09:24:01 PM [INFO] ::: [api.database.php]  Query(Status-Success) : DELETE FROM dash_info_user_likes WHERE info_Id='DUI8962198129647727944827' AND user_Id='USR924357814934' AND newsType='UNION'; 
Saturday 14th April 2018 09:24:04 PM [INFO] ::: [api.database.php]  Database connected Successfully 
Saturday 14th April 2018 09:24:05 PM [INFO] ::: [api.database.php]  Database connected Successfully 
Saturday 14th April 2018 09:24:06 PM [INFO] ::: [api.database.php]  Database connected Successfully 
Saturday 14th April 2018 09:24:07 PM [INFO] ::: [api.database.php]  Database connected Successfully 
Saturday 14th April 2018 09:24:08 PM [INFO] ::: [api.database.php]  Database connected Successfully 
Saturday 14th April 2018 09:24:09 PM [INFO] ::: [api.database.php]  Database connected Successfully 
Sunday 15th April 2018 11:02:30 AM [INFO] ::: [api.database.php]  Database connected Successfully 
Sunday 15th April 2018 11:02:32 AM [INFO] ::: [api.database.php]  Database connected Successfully 
Sunday 15th April 2018 11:02:45 AM [INFO] ::: [api.database.php]  Database connected Successfully 
Sunday 15th April 2018 11:02:45 AM [INFO] ::: [api.database.php]  Query(Status-Success) : UPDATE user_account SET  username='anups',  surName='Nellutla',  name='Anup Chakravarthi',  mcountrycode='+91',  mobile='9160869337',  mob_val='Y',  dob='2015-11-12',  gender='MALE',  profile_pic='http://192.168.1.4/mlh/android-web/images/avatar/2.jpg',  minlocation='Kuttanad',  location='Mavelikara',  state='Kerala',  country='India',  isAdmin='N',  user_tz='Asia/Kolkata',  acc_active='N' WHERE user_Id='USR924357814934'; 
Sunday 15th April 2018 11:02:46 AM [INFO] ::: [api.database.php]  Database connected Successfully 
Sunday 15th April 2018 11:02:55 AM [INFO] ::: [api.database.php]  Database connected Successfully 
Sunday 15th April 2018 11:02:57 AM [INFO] ::: [api.database.php]  Database connected Successfully 
Sunday 15th April 2018 11:02:58 AM [INFO] ::: [api.database.php]  Database connected Successfully 
Sunday 15th April 2018 11:02:59 AM [INFO] ::: [api.database.php]  Database connected Successfully 
Sunday 15th April 2018 11:03:00 AM [INFO] ::: [api.database.php]  Database connected Successfully 
Sunday 15th April 2018 11:03:01 AM [INFO] ::: [api.database.php]  Database connected Successfully 
Sunday 15th April 2018 11:03:02 AM [INFO] ::: [api.database.php]  Database connected Successfully 
Sunday 15th April 2018 11:17:34 AM [INFO] ::: [api.database.php]  Database connected Successfully 
Sunday 15th April 2018 11:17:36 AM [INFO] ::: [api.database.php]  Database connected Successfully 
Sunday 15th April 2018 11:17:37 AM [INFO] ::: [api.database.php]  Database connected Successfully 
Sunday 15th April 2018 11:17:38 AM [INFO] ::: [api.database.php]  Database connected Successfully 
Sunday 15th April 2018 11:17:39 AM [INFO] ::: [api.database.php]  Database connected Successfully 
Sunday 15th April 2018 11:17:40 AM [INFO] ::: [api.database.php]  Database connected Successfully 
Sunday 15th April 2018 11:34:20 AM [INFO] ::: [api.database.php]  Database connected Successfully 
Sunday 15th April 2018 11:34:21 AM [INFO] ::: [api.database.php]  Database connected Successfully 
Sunday 15th April 2018 11:34:22 AM [INFO] ::: [api.database.php]  Database connected Successfully 
Sunday 15th April 2018 11:34:23 AM [INFO] ::: [api.database.php]  Database connected Successfully 
Sunday 15th April 2018 11:34:24 AM [INFO] ::: [api.database.php]  Database connected Successfully 
Sunday 15th April 2018 11:34:25 AM [INFO] ::: [api.database.php]  Database connected Successfully 
Sunday 15th April 2018 12:39:50 PM [INFO] ::: [api.database.php]  Database connected Successfully 
Sunday 15th April 2018 12:39:51 PM [INFO] ::: [api.database.php]  Database connected Successfully 
Sunday 15th April 2018 12:39:52 PM [INFO] ::: [api.database.php]  Database connected Successfully 
Sunday 15th April 2018 12:39:53 PM [INFO] ::: [api.database.php]  Database connected Successfully 
Sunday 15th April 2018 12:39:54 PM [INFO] ::: [api.database.php]  Database connected Successfully 
Sunday 15th April 2018 12:39:55 PM [INFO] ::: [api.database.php]  Database connected Successfully 
Sunday 15th April 2018 09:40:00 PM [INFO] ::: [api.database.php]  Database connected Successfully 
Sunday 15th April 2018 09:40:01 PM [INFO] ::: [api.database.php]  Database connected Successfully 
Sunday 15th April 2018 09:40:02 PM [INFO] ::: [api.database.php]  Database connected Successfully 
Sunday 15th April 2018 09:40:03 PM [INFO] ::: [api.database.php]  Database connected Successfully 
Sunday 15th April 2018 09:40:04 PM [INFO] ::: [api.database.php]  Database connected Successfully 
Sunday 15th April 2018 09:40:05 PM [INFO] ::: [api.database.php]  Database connected Successfully 
Sunday 15th April 2018 09:40:20 PM [INFO] ::: [api.database.php]  Database connected Successfully 
Sunday 15th April 2018 09:40:21 PM [INFO] ::: [api.database.php]  Database connected Successfully 
Sunday 15th April 2018 09:40:22 PM [INFO] ::: [api.database.php]  Database connected Successfully 
Sunday 15th April 2018 09:40:23 PM [INFO] ::: [api.database.php]  Database connected Successfully 
Sunday 15th April 2018 09:40:24 PM [INFO] ::: [api.database.php]  Database connected Successfully 
Sunday 15th April 2018 09:40:25 PM [INFO] ::: [api.database.php]  Database connected Successfully 
Sunday 15th April 2018 09:42:26 PM [INFO] ::: [api.database.php]  Database connected Successfully 
Sunday 15th April 2018 09:42:28 PM [INFO] ::: [api.database.php]  Database connected Successfully 
Sunday 15th April 2018 09:42:29 PM [INFO] ::: [api.database.php]  Database connected Successfully 
Sunday 15th April 2018 09:42:30 PM [INFO] ::: [api.database.php]  Database connected Successfully 
Sunday 15th April 2018 09:42:31 PM [INFO] ::: [api.database.php]  Database connected Successfully 
Sunday 15th April 2018 09:42:32 PM [INFO] ::: [api.database.php]  Database connected Successfully 
Sunday 15th April 2018 09:45:56 PM [INFO] ::: [api.database.php]  Database connected Successfully 
Sunday 15th April 2018 09:45:57 PM [INFO] ::: [api.database.php]  Database connected Successfully 
Sunday 15th April 2018 09:45:58 PM [INFO] ::: [api.database.php]  Database connected Successfully 
Sunday 15th April 2018 09:45:59 PM [INFO] ::: [api.database.php]  Database connected Successfully 
Sunday 15th April 2018 09:46:00 PM [INFO] ::: [api.database.php]  Database connected Successfully 
Sunday 15th April 2018 09:46:01 PM [INFO] ::: [api.database.php]  Database connected Successfully 
Sunday 15th April 2018 10:20:51 PM [INFO] ::: [api.database.php]  Database connected Successfully 
Sunday 15th April 2018 10:20:53 PM [INFO] ::: [api.database.php]  Database connected Successfully 
Sunday 15th April 2018 10:20:54 PM [INFO] ::: [api.database.php]  Database connected Successfully 
Sunday 15th April 2018 10:20:55 PM [INFO] ::: [api.database.php]  Database connected Successfully 
Sunday 15th April 2018 10:20:56 PM [INFO] ::: [api.database.php]  Database connected Successfully 
Sunday 15th April 2018 10:20:57 PM [INFO] ::: [api.database.php]  Database connected Successfully 
Sunday 15th April 2018 11:54:08 PM [INFO] ::: [api.database.php]  Database connected Successfully 
Sunday 15th April 2018 11:54:09 PM [INFO] ::: [api.database.php]  Database connected Successfully 
Sunday 15th April 2018 11:54:10 PM [INFO] ::: [api.database.php]  Database connected Successfully 
Sunday 15th April 2018 11:54:11 PM [INFO] ::: [api.database.php]  Database connected Successfully 
Sunday 15th April 2018 11:54:12 PM [INFO] ::: [api.database.php]  Database connected Successfully 
Sunday 15th April 2018 11:54:13 PM [INFO] ::: [api.database.php]  Database connected Successfully 
Monday 16th April 2018 12:06:36 AM [INFO] ::: [api.database.php]  Database connected Successfully 
Monday 16th April 2018 12:06:37 AM [INFO] ::: [api.database.php]  Database connected Successfully 
Monday 16th April 2018 12:06:38 AM [INFO] ::: [api.database.php]  Database connected Successfully 
Monday 16th April 2018 12:06:39 AM [INFO] ::: [api.database.php]  Database connected Successfully 
Monday 16th April 2018 12:06:40 AM [INFO] ::: [api.database.php]  Database connected Successfully 
Monday 16th April 2018 12:06:41 AM [INFO] ::: [api.database.php]  Database connected Successfully 
Monday 16th April 2018 12:13:39 AM [INFO] ::: [api.database.php]  Database connected Successfully 
Monday 16th April 2018 12:13:40 AM [INFO] ::: [api.database.php]  Database connected Successfully 
Monday 16th April 2018 12:13:41 AM [INFO] ::: [api.database.php]  Database connected Successfully 
Monday 16th April 2018 12:13:42 AM [INFO] ::: [api.database.php]  Database connected Successfully 
Monday 16th April 2018 12:13:43 AM [INFO] ::: [api.database.php]  Database connected Successfully 
Monday 16th April 2018 12:13:44 AM [INFO] ::: [api.database.php]  Database connected Successfully 
Monday 16th April 2018 12:15:43 AM [INFO] ::: [api.database.php]  Database connected Successfully 
Monday 16th April 2018 12:15:45 AM [INFO] ::: [api.database.php]  Database connected Successfully 
Monday 16th April 2018 12:15:46 AM [INFO] ::: [api.database.php]  Database connected Successfully 
Monday 16th April 2018 12:15:47 AM [INFO] ::: [api.database.php]  Database connected Successfully 
Monday 16th April 2018 12:15:48 AM [INFO] ::: [api.database.php]  Database connected Successfully 
Monday 16th April 2018 12:15:49 AM [INFO] ::: [api.database.php]  Database connected Successfully 
